2014-03-02 21:27:05,861 - [INFO] - from play in pool-4-thread-3 
Listening for HTTP on /0:0:0:0:0:0:0:0:9000

2014-03-02 21:27:10,817 - [INFO] - from play in play-internal-execution-context-1 
Application started (Dev)

2014-03-02 21:40:29,088 - [ERROR] - from application in New I/O worker #4 


! @6hdp45jk1 - Internal server error, for (GET) [/] ->

play.PlayExceptions$CompilationException: Compilation error[not found: value x86Parser]
	at play.PlayReloader$$anon$1$$anonfun$reload$2$$anonfun$apply$14$$anonfun$apply$16.apply(PlayReloader.scala:304) ~[na:na]
	at play.PlayReloader$$anon$1$$anonfun$reload$2$$anonfun$apply$14$$anonfun$apply$16.apply(PlayReloader.scala:304) ~[na:na]
	at scala.Option.map(Option.scala:145) ~[scala-library.jar:na]
	at play.PlayReloader$$anon$1$$anonfun$reload$2$$anonfun$apply$14.apply(PlayReloader.scala:304) ~[na:na]
	at play.PlayReloader$$anon$1$$anonfun$reload$2$$anonfun$apply$14.apply(PlayReloader.scala:298) ~[na:na]
	at scala.Option.map(Option.scala:145) ~[scala-library.jar:na]
	at play.PlayReloader$$anon$1$$anonfun$reload$2.apply(PlayReloader.scala:298) ~[na:na]
	at play.PlayReloader$$anon$1$$anonfun$reload$2.apply(PlayReloader.scala:296) ~[na:na]
	at scala.util.Either$LeftProjection.map(Either.scala:377) ~[scala-library.jar:na]
	at play.PlayReloader$$anon$1.reload(PlayReloader.scala:296) ~[na:na]
	at play.core.ReloadableApplication$$anonfun$get$1.apply(ApplicationProvider.scala:104) ~[play_2.10.jar:2.2.2]
	at play.core.ReloadableApplication$$anonfun$get$1.apply(ApplicationProvider.scala:102) ~[play_2.10.jar:2.2.2]
	at scala.concurrent.impl.Future$PromiseCompletingRunnable.liftedTree1$1(Future.scala:24) ~[scala-library.jar:na]
	at scala.concurrent.impl.Future$PromiseCompletingRunnable.run(Future.scala:24) ~[scala-library.jar:na]
	at scala.concurrent.forkjoin.ForkJoinTask$AdaptedRunnableAction.exec(ForkJoinTask.java:1361) ~[scala-library.jar:na]
	at scala.concurrent.forkjoin.ForkJoinTask.doExec(ForkJoinTask.java:260) ~[scala-library.jar:na]
	at scala.concurrent.forkjoin.ForkJoinPool$WorkQueue.runTask(ForkJoinPool.java:1339) ~[scala-library.jar:na]
	at scala.concurrent.forkjoin.ForkJoinPool.runWorker(ForkJoinPool.java:1979) ~[scala-library.jar:na]
	at scala.concurrent.forkjoin.ForkJoinWorkerThread.run(ForkJoinWorkerThread.java:107) ~[scala-library.jar:na]

2014-03-02 21:40:50,817 - [ERROR] - from application in New I/O worker #4 


! @6hdp46pnn - Internal server error, for (GET) [/] ->

play.PlayExceptions$CompilationException: Compilation error[controllers.Application.parse.type does not take parameters]
	at play.PlayReloader$$anon$1$$anonfun$reload$2$$anonfun$apply$14$$anonfun$apply$16.apply(PlayReloader.scala:304) ~[na:na]
	at play.PlayReloader$$anon$1$$anonfun$reload$2$$anonfun$apply$14$$anonfun$apply$16.apply(PlayReloader.scala:304) ~[na:na]
	at scala.Option.map(Option.scala:145) ~[scala-library.jar:na]
	at play.PlayReloader$$anon$1$$anonfun$reload$2$$anonfun$apply$14.apply(PlayReloader.scala:304) ~[na:na]
	at play.PlayReloader$$anon$1$$anonfun$reload$2$$anonfun$apply$14.apply(PlayReloader.scala:298) ~[na:na]
	at scala.Option.map(Option.scala:145) ~[scala-library.jar:na]
	at play.PlayReloader$$anon$1$$anonfun$reload$2.apply(PlayReloader.scala:298) ~[na:na]
	at play.PlayReloader$$anon$1$$anonfun$reload$2.apply(PlayReloader.scala:296) ~[na:na]
	at scala.util.Either$LeftProjection.map(Either.scala:377) ~[scala-library.jar:na]
	at play.PlayReloader$$anon$1.reload(PlayReloader.scala:296) ~[na:na]
	at play.core.ReloadableApplication$$anonfun$get$1.apply(ApplicationProvider.scala:104) ~[play_2.10.jar:2.2.2]
	at play.core.ReloadableApplication$$anonfun$get$1.apply(ApplicationProvider.scala:102) ~[play_2.10.jar:2.2.2]
	at scala.concurrent.impl.Future$PromiseCompletingRunnable.liftedTree1$1(Future.scala:24) ~[scala-library.jar:na]
	at scala.concurrent.impl.Future$PromiseCompletingRunnable.run(Future.scala:24) ~[scala-library.jar:na]
	at scala.concurrent.forkjoin.ForkJoinTask$AdaptedRunnableAction.exec(ForkJoinTask.java:1361) ~[scala-library.jar:na]
	at scala.concurrent.forkjoin.ForkJoinTask.doExec(ForkJoinTask.java:260) ~[scala-library.jar:na]
	at scala.concurrent.forkjoin.ForkJoinPool$WorkQueue.runTask(ForkJoinPool.java:1339) ~[scala-library.jar:na]
	at scala.concurrent.forkjoin.ForkJoinPool.runWorker(ForkJoinPool.java:1979) ~[scala-library.jar:na]
	at scala.concurrent.forkjoin.ForkJoinWorkerThread.run(ForkJoinWorkerThread.java:107) ~[scala-library.jar:na]

2014-03-02 21:41:50,598 - [ERROR] - from application in New I/O worker #4 


! @6hdp4aa94 - Internal server error, for (GET) [/] ->

play.PlayExceptions$CompilationException: Compilation error[not found: value parseExpression]
	at play.PlayReloader$$anon$1$$anonfun$reload$2$$anonfun$apply$14$$anonfun$apply$16.apply(PlayReloader.scala:304) ~[na:na]
	at play.PlayReloader$$anon$1$$anonfun$reload$2$$anonfun$apply$14$$anonfun$apply$16.apply(PlayReloader.scala:304) ~[na:na]
	at scala.Option.map(Option.scala:145) ~[scala-library.jar:na]
	at play.PlayReloader$$anon$1$$anonfun$reload$2$$anonfun$apply$14.apply(PlayReloader.scala:304) ~[na:na]
	at play.PlayReloader$$anon$1$$anonfun$reload$2$$anonfun$apply$14.apply(PlayReloader.scala:298) ~[na:na]
	at scala.Option.map(Option.scala:145) ~[scala-library.jar:na]
	at play.PlayReloader$$anon$1$$anonfun$reload$2.apply(PlayReloader.scala:298) ~[na:na]
	at play.PlayReloader$$anon$1$$anonfun$reload$2.apply(PlayReloader.scala:296) ~[na:na]
	at scala.util.Either$LeftProjection.map(Either.scala:377) ~[scala-library.jar:na]
	at play.PlayReloader$$anon$1.reload(PlayReloader.scala:296) ~[na:na]
	at play.core.ReloadableApplication$$anonfun$get$1.apply(ApplicationProvider.scala:104) ~[play_2.10.jar:2.2.2]
	at play.core.ReloadableApplication$$anonfun$get$1.apply(ApplicationProvider.scala:102) ~[play_2.10.jar:2.2.2]
	at scala.concurrent.impl.Future$PromiseCompletingRunnable.liftedTree1$1(Future.scala:24) ~[scala-library.jar:na]
	at scala.concurrent.impl.Future$PromiseCompletingRunnable.run(Future.scala:24) ~[scala-library.jar:na]
	at scala.concurrent.forkjoin.ForkJoinTask$AdaptedRunnableAction.exec(ForkJoinTask.java:1361) ~[scala-library.jar:na]
	at scala.concurrent.forkjoin.ForkJoinTask.doExec(ForkJoinTask.java:260) ~[scala-library.jar:na]
	at scala.concurrent.forkjoin.ForkJoinPool$WorkQueue.runTask(ForkJoinPool.java:1339) ~[scala-library.jar:na]
	at scala.concurrent.forkjoin.ForkJoinPool.runWorker(ForkJoinPool.java:1979) ~[scala-library.jar:na]
	at scala.concurrent.forkjoin.ForkJoinWorkerThread.run(ForkJoinWorkerThread.java:107) ~[scala-library.jar:na]

2014-03-02 21:42:21,491 - [ERROR] - from application in New I/O worker #4 


! @6hdp4c419 - Internal server error, for (GET) [/] ->

play.PlayExceptions$CompilationException: Compilation error[value parseExpression is not a member of object com.scalaAsm.x86Parser]
	at play.PlayReloader$$anon$1$$anonfun$reload$2$$anonfun$apply$14$$anonfun$apply$16.apply(PlayReloader.scala:304) ~[na:na]
	at play.PlayReloader$$anon$1$$anonfun$reload$2$$anonfun$apply$14$$anonfun$apply$16.apply(PlayReloader.scala:304) ~[na:na]
	at scala.Option.map(Option.scala:145) ~[scala-library.jar:na]
	at play.PlayReloader$$anon$1$$anonfun$reload$2$$anonfun$apply$14.apply(PlayReloader.scala:304) ~[na:na]
	at play.PlayReloader$$anon$1$$anonfun$reload$2$$anonfun$apply$14.apply(PlayReloader.scala:298) ~[na:na]
	at scala.Option.map(Option.scala:145) ~[scala-library.jar:na]
	at play.PlayReloader$$anon$1$$anonfun$reload$2.apply(PlayReloader.scala:298) ~[na:na]
	at play.PlayReloader$$anon$1$$anonfun$reload$2.apply(PlayReloader.scala:296) ~[na:na]
	at scala.util.Either$LeftProjection.map(Either.scala:377) ~[scala-library.jar:na]
	at play.PlayReloader$$anon$1.reload(PlayReloader.scala:296) ~[na:na]
	at play.core.ReloadableApplication$$anonfun$get$1.apply(ApplicationProvider.scala:104) ~[play_2.10.jar:2.2.2]
	at play.core.ReloadableApplication$$anonfun$get$1.apply(ApplicationProvider.scala:102) ~[play_2.10.jar:2.2.2]
	at scala.concurrent.impl.Future$PromiseCompletingRunnable.liftedTree1$1(Future.scala:24) ~[scala-library.jar:na]
	at scala.concurrent.impl.Future$PromiseCompletingRunnable.run(Future.scala:24) ~[scala-library.jar:na]
	at scala.concurrent.forkjoin.ForkJoinTask$AdaptedRunnableAction.exec(ForkJoinTask.java:1361) ~[scala-library.jar:na]
	at scala.concurrent.forkjoin.ForkJoinTask.doExec(ForkJoinTask.java:260) ~[scala-library.jar:na]
	at scala.concurrent.forkjoin.ForkJoinPool$WorkQueue.runTask(ForkJoinPool.java:1339) ~[scala-library.jar:na]
	at scala.concurrent.forkjoin.ForkJoinPool.runWorker(ForkJoinPool.java:1979) ~[scala-library.jar:na]
	at scala.concurrent.forkjoin.ForkJoinWorkerThread.run(ForkJoinWorkerThread.java:107) ~[scala-library.jar:na]

2014-03-02 21:42:51,194 - [ERROR] - from application in New I/O worker #4 


! @6hdp4dlpk - Internal server error, for (GET) [/] ->

play.PlayExceptions$CompilationException: Compilation error[type mismatch;
 found   : controllers.x86App
 required: String]
	at play.PlayReloader$$anon$1$$anonfun$reload$2$$anonfun$apply$14$$anonfun$apply$16.apply(PlayReloader.scala:304) ~[na:na]
	at play.PlayReloader$$anon$1$$anonfun$reload$2$$anonfun$apply$14$$anonfun$apply$16.apply(PlayReloader.scala:304) ~[na:na]
	at scala.Option.map(Option.scala:145) ~[scala-library.jar:na]
	at play.PlayReloader$$anon$1$$anonfun$reload$2$$anonfun$apply$14.apply(PlayReloader.scala:304) ~[na:na]
	at play.PlayReloader$$anon$1$$anonfun$reload$2$$anonfun$apply$14.apply(PlayReloader.scala:298) ~[na:na]
	at scala.Option.map(Option.scala:145) ~[scala-library.jar:na]
	at play.PlayReloader$$anon$1$$anonfun$reload$2.apply(PlayReloader.scala:298) ~[na:na]
	at play.PlayReloader$$anon$1$$anonfun$reload$2.apply(PlayReloader.scala:296) ~[na:na]
	at scala.util.Either$LeftProjection.map(Either.scala:377) ~[scala-library.jar:na]
	at play.PlayReloader$$anon$1.reload(PlayReloader.scala:296) ~[na:na]
	at play.core.ReloadableApplication$$anonfun$get$1.apply(ApplicationProvider.scala:104) ~[play_2.10.jar:2.2.2]
	at play.core.ReloadableApplication$$anonfun$get$1.apply(ApplicationProvider.scala:102) ~[play_2.10.jar:2.2.2]
	at scala.concurrent.impl.Future$PromiseCompletingRunnable.liftedTree1$1(Future.scala:24) ~[scala-library.jar:na]
	at scala.concurrent.impl.Future$PromiseCompletingRunnable.run(Future.scala:24) ~[scala-library.jar:na]
	at scala.concurrent.forkjoin.ForkJoinTask$AdaptedRunnableAction.exec(ForkJoinTask.java:1361) ~[scala-library.jar:na]
	at scala.concurrent.forkjoin.ForkJoinTask.doExec(ForkJoinTask.java:260) ~[scala-library.jar:na]
	at scala.concurrent.forkjoin.ForkJoinPool$WorkQueue.runTask(ForkJoinPool.java:1339) ~[scala-library.jar:na]
	at scala.concurrent.forkjoin.ForkJoinPool.runWorker(ForkJoinPool.java:1979) ~[scala-library.jar:na]
	at scala.concurrent.forkjoin.ForkJoinWorkerThread.run(ForkJoinWorkerThread.java:107) ~[scala-library.jar:na]

2014-03-02 21:43:13,194 - [INFO] - from play in play-internal-execution-context-2 
Application started (Dev)

2014-03-02 21:46:16,932 - [ERROR] - from application in New I/O worker #6 


! @6hdp4pe8k - Internal server error, for (GET) [/hello?expression=1%2B1] ->

play.PlayExceptions$CompilationException: Compilation error[Missing closing brace `}' assumed here]
	at play.PlayReloader$$anon$1$$anonfun$reload$2$$anonfun$apply$14$$anonfun$apply$16.apply(PlayReloader.scala:304) ~[na:na]
	at play.PlayReloader$$anon$1$$anonfun$reload$2$$anonfun$apply$14$$anonfun$apply$16.apply(PlayReloader.scala:304) ~[na:na]
	at scala.Option.map(Option.scala:145) ~[scala-library.jar:na]
	at play.PlayReloader$$anon$1$$anonfun$reload$2$$anonfun$apply$14.apply(PlayReloader.scala:304) ~[na:na]
	at play.PlayReloader$$anon$1$$anonfun$reload$2$$anonfun$apply$14.apply(PlayReloader.scala:298) ~[na:na]
	at scala.Option.map(Option.scala:145) ~[scala-library.jar:na]
	at play.PlayReloader$$anon$1$$anonfun$reload$2.apply(PlayReloader.scala:298) ~[na:na]
	at play.PlayReloader$$anon$1$$anonfun$reload$2.apply(PlayReloader.scala:296) ~[na:na]
	at scala.util.Either$LeftProjection.map(Either.scala:377) ~[scala-library.jar:na]
	at play.PlayReloader$$anon$1.reload(PlayReloader.scala:296) ~[na:na]
	at play.core.ReloadableApplication$$anonfun$get$1.apply(ApplicationProvider.scala:104) ~[play_2.10.jar:2.2.2]
	at play.core.ReloadableApplication$$anonfun$get$1.apply(ApplicationProvider.scala:102) ~[play_2.10.jar:2.2.2]
	at scala.concurrent.impl.Future$PromiseCompletingRunnable.liftedTree1$1(Future.scala:24) ~[scala-library.jar:na]
	at scala.concurrent.impl.Future$PromiseCompletingRunnable.run(Future.scala:24) ~[scala-library.jar:na]
	at scala.concurrent.forkjoin.ForkJoinTask$AdaptedRunnableAction.exec(ForkJoinTask.java:1361) ~[scala-library.jar:na]
	at scala.concurrent.forkjoin.ForkJoinTask.doExec(ForkJoinTask.java:260) ~[scala-library.jar:na]
	at scala.concurrent.forkjoin.ForkJoinPool$WorkQueue.runTask(ForkJoinPool.java:1339) ~[scala-library.jar:na]
	at scala.concurrent.forkjoin.ForkJoinPool.runWorker(ForkJoinPool.java:1979) ~[scala-library.jar:na]
	at scala.concurrent.forkjoin.ForkJoinWorkerThread.run(ForkJoinWorkerThread.java:107) ~[scala-library.jar:na]

2014-03-02 21:46:24,948 - [ERROR] - from application in New I/O worker #6 


! @6hdp50052 - Internal server error, for (GET) [/hello?expression=1%2B1] ->

play.PlayExceptions$CompilationException: Compilation error[not found: value ExeGenerator]
	at play.PlayReloader$$anon$1$$anonfun$reload$2$$anonfun$apply$14$$anonfun$apply$16.apply(PlayReloader.scala:304) ~[na:na]
	at play.PlayReloader$$anon$1$$anonfun$reload$2$$anonfun$apply$14$$anonfun$apply$16.apply(PlayReloader.scala:304) ~[na:na]
	at scala.Option.map(Option.scala:145) ~[scala-library.jar:na]
	at play.PlayReloader$$anon$1$$anonfun$reload$2$$anonfun$apply$14.apply(PlayReloader.scala:304) ~[na:na]
	at play.PlayReloader$$anon$1$$anonfun$reload$2$$anonfun$apply$14.apply(PlayReloader.scala:298) ~[na:na]
	at scala.Option.map(Option.scala:145) ~[scala-library.jar:na]
	at play.PlayReloader$$anon$1$$anonfun$reload$2.apply(PlayReloader.scala:298) ~[na:na]
	at play.PlayReloader$$anon$1$$anonfun$reload$2.apply(PlayReloader.scala:296) ~[na:na]
	at scala.util.Either$LeftProjection.map(Either.scala:377) ~[scala-library.jar:na]
	at play.PlayReloader$$anon$1.reload(PlayReloader.scala:296) ~[na:na]
	at play.core.ReloadableApplication$$anonfun$get$1.apply(ApplicationProvider.scala:104) ~[play_2.10.jar:2.2.2]
	at play.core.ReloadableApplication$$anonfun$get$1.apply(ApplicationProvider.scala:102) ~[play_2.10.jar:2.2.2]
	at scala.concurrent.impl.Future$PromiseCompletingRunnable.liftedTree1$1(Future.scala:24) ~[scala-library.jar:na]
	at scala.concurrent.impl.Future$PromiseCompletingRunnable.run(Future.scala:24) ~[scala-library.jar:na]
	at scala.concurrent.forkjoin.ForkJoinTask$AdaptedRunnableAction.exec(ForkJoinTask.java:1361) ~[scala-library.jar:na]
	at scala.concurrent.forkjoin.ForkJoinTask.doExec(ForkJoinTask.java:260) ~[scala-library.jar:na]
	at scala.concurrent.forkjoin.ForkJoinPool$WorkQueue.runTask(ForkJoinPool.java:1339) ~[scala-library.jar:na]
	at scala.concurrent.forkjoin.ForkJoinPool.runWorker(ForkJoinPool.java:1979) ~[scala-library.jar:na]
	at scala.concurrent.forkjoin.ForkJoinWorkerThread.run(ForkJoinWorkerThread.java:107) ~[scala-library.jar:na]

2014-03-02 21:46:43,235 - [ERROR] - from application in New I/O worker #6 


! @6hdp5116b - Internal server error, for (GET) [/hello?expression=1%2B1] ->

play.PlayExceptions$CompilationException: Compilation error[not found: type Enumerator]
	at play.PlayReloader$$anon$1$$anonfun$reload$2$$anonfun$apply$14$$anonfun$apply$16.apply(PlayReloader.scala:304) ~[na:na]
	at play.PlayReloader$$anon$1$$anonfun$reload$2$$anonfun$apply$14$$anonfun$apply$16.apply(PlayReloader.scala:304) ~[na:na]
	at scala.Option.map(Option.scala:145) ~[scala-library.jar:na]
	at play.PlayReloader$$anon$1$$anonfun$reload$2$$anonfun$apply$14.apply(PlayReloader.scala:304) ~[na:na]
	at play.PlayReloader$$anon$1$$anonfun$reload$2$$anonfun$apply$14.apply(PlayReloader.scala:298) ~[na:na]
	at scala.Option.map(Option.scala:145) ~[scala-library.jar:na]
	at play.PlayReloader$$anon$1$$anonfun$reload$2.apply(PlayReloader.scala:298) ~[na:na]
	at play.PlayReloader$$anon$1$$anonfun$reload$2.apply(PlayReloader.scala:296) ~[na:na]
	at scala.util.Either$LeftProjection.map(Either.scala:377) ~[scala-library.jar:na]
	at play.PlayReloader$$anon$1.reload(PlayReloader.scala:296) ~[na:na]
	at play.core.ReloadableApplication$$anonfun$get$1.apply(ApplicationProvider.scala:104) ~[play_2.10.jar:2.2.2]
	at play.core.ReloadableApplication$$anonfun$get$1.apply(ApplicationProvider.scala:102) ~[play_2.10.jar:2.2.2]
	at scala.concurrent.impl.Future$PromiseCompletingRunnable.liftedTree1$1(Future.scala:24) ~[scala-library.jar:na]
	at scala.concurrent.impl.Future$PromiseCompletingRunnable.run(Future.scala:24) ~[scala-library.jar:na]
	at scala.concurrent.forkjoin.ForkJoinTask$AdaptedRunnableAction.exec(ForkJoinTask.java:1361) ~[scala-library.jar:na]
	at scala.concurrent.forkjoin.ForkJoinTask.doExec(ForkJoinTask.java:260) ~[scala-library.jar:na]
	at scala.concurrent.forkjoin.ForkJoinPool$WorkQueue.runTask(ForkJoinPool.java:1339) ~[scala-library.jar:na]
	at scala.concurrent.forkjoin.ForkJoinPool.runWorker(ForkJoinPool.java:1979) ~[scala-library.jar:na]
	at scala.concurrent.forkjoin.ForkJoinWorkerThread.run(ForkJoinWorkerThread.java:107) ~[scala-library.jar:na]

2014-03-02 21:47:28,870 - [ERROR] - from application in New I/O worker #6 


! @6hdp53gjg - Internal server error, for (GET) [/hello?expression=1%2B1] ->

play.PlayExceptions$CompilationException: Compilation error[type mismatch;
 found   : Array[Byte]
 required: java.io.InputStream]
	at play.PlayReloader$$anon$1$$anonfun$reload$2$$anonfun$apply$14$$anonfun$apply$16.apply(PlayReloader.scala:304) ~[na:na]
	at play.PlayReloader$$anon$1$$anonfun$reload$2$$anonfun$apply$14$$anonfun$apply$16.apply(PlayReloader.scala:304) ~[na:na]
	at scala.Option.map(Option.scala:145) ~[scala-library.jar:na]
	at play.PlayReloader$$anon$1$$anonfun$reload$2$$anonfun$apply$14.apply(PlayReloader.scala:304) ~[na:na]
	at play.PlayReloader$$anon$1$$anonfun$reload$2$$anonfun$apply$14.apply(PlayReloader.scala:298) ~[na:na]
	at scala.Option.map(Option.scala:145) ~[scala-library.jar:na]
	at play.PlayReloader$$anon$1$$anonfun$reload$2.apply(PlayReloader.scala:298) ~[na:na]
	at play.PlayReloader$$anon$1$$anonfun$reload$2.apply(PlayReloader.scala:296) ~[na:na]
	at scala.util.Either$LeftProjection.map(Either.scala:377) ~[scala-library.jar:na]
	at play.PlayReloader$$anon$1.reload(PlayReloader.scala:296) ~[na:na]
	at play.core.ReloadableApplication$$anonfun$get$1.apply(ApplicationProvider.scala:104) ~[play_2.10.jar:2.2.2]
	at play.core.ReloadableApplication$$anonfun$get$1.apply(ApplicationProvider.scala:102) ~[play_2.10.jar:2.2.2]
	at scala.concurrent.impl.Future$PromiseCompletingRunnable.liftedTree1$1(Future.scala:24) ~[scala-library.jar:na]
	at scala.concurrent.impl.Future$PromiseCompletingRunnable.run(Future.scala:24) ~[scala-library.jar:na]
	at scala.concurrent.forkjoin.ForkJoinTask$AdaptedRunnableAction.exec(ForkJoinTask.java:1361) ~[scala-library.jar:na]
	at scala.concurrent.forkjoin.ForkJoinTask.doExec(ForkJoinTask.java:260) ~[scala-library.jar:na]
	at scala.concurrent.forkjoin.ForkJoinPool$WorkQueue.runTask(ForkJoinPool.java:1339) ~[scala-library.jar:na]
	at scala.concurrent.forkjoin.ForkJoinPool.runWorker(ForkJoinPool.java:1979) ~[scala-library.jar:na]
	at scala.concurrent.forkjoin.ForkJoinWorkerThread.run(ForkJoinWorkerThread.java:107) ~[scala-library.jar:na]

2014-03-02 21:48:21,579 - [ERROR] - from application in New I/O worker #6 


! @6hdp56gio - Internal server error, for (GET) [/hello?expression=1%2B1] ->

play.PlayExceptions$CompilationException: Compilation error[Cannot find an implicit ExecutionContext, either require one yourself or import ExecutionContext.Implicits.global]
	at play.PlayReloader$$anon$1$$anonfun$reload$2$$anonfun$apply$14$$anonfun$apply$16.apply(PlayReloader.scala:304) ~[na:na]
	at play.PlayReloader$$anon$1$$anonfun$reload$2$$anonfun$apply$14$$anonfun$apply$16.apply(PlayReloader.scala:304) ~[na:na]
	at scala.Option.map(Option.scala:145) ~[scala-library.jar:na]
	at play.PlayReloader$$anon$1$$anonfun$reload$2$$anonfun$apply$14.apply(PlayReloader.scala:304) ~[na:na]
	at play.PlayReloader$$anon$1$$anonfun$reload$2$$anonfun$apply$14.apply(PlayReloader.scala:298) ~[na:na]
	at scala.Option.map(Option.scala:145) ~[scala-library.jar:na]
	at play.PlayReloader$$anon$1$$anonfun$reload$2.apply(PlayReloader.scala:298) ~[na:na]
	at play.PlayReloader$$anon$1$$anonfun$reload$2.apply(PlayReloader.scala:296) ~[na:na]
	at scala.util.Either$LeftProjection.map(Either.scala:377) ~[scala-library.jar:na]
	at play.PlayReloader$$anon$1.reload(PlayReloader.scala:296) ~[na:na]
	at play.core.ReloadableApplication$$anonfun$get$1.apply(ApplicationProvider.scala:104) ~[play_2.10.jar:2.2.2]
	at play.core.ReloadableApplication$$anonfun$get$1.apply(ApplicationProvider.scala:102) ~[play_2.10.jar:2.2.2]
	at scala.concurrent.impl.Future$PromiseCompletingRunnable.liftedTree1$1(Future.scala:24) ~[scala-library.jar:na]
	at scala.concurrent.impl.Future$PromiseCompletingRunnable.run(Future.scala:24) ~[scala-library.jar:na]
	at scala.concurrent.forkjoin.ForkJoinTask$AdaptedRunnableAction.exec(ForkJoinTask.java:1361) ~[scala-library.jar:na]
	at scala.concurrent.forkjoin.ForkJoinTask.doExec(ForkJoinTask.java:260) ~[scala-library.jar:na]
	at scala.concurrent.forkjoin.ForkJoinPool$WorkQueue.runTask(ForkJoinPool.java:1339) ~[scala-library.jar:na]
	at scala.concurrent.forkjoin.ForkJoinPool.runWorker(ForkJoinPool.java:1979) ~[scala-library.jar:na]
	at scala.concurrent.forkjoin.ForkJoinWorkerThread.run(ForkJoinWorkerThread.java:107) ~[scala-library.jar:na]

2014-03-02 21:51:24,940 - [ERROR] - from application in New I/O worker #1 


! @6hdp5h1p6 - Internal server error, for (GET) [/hello?expression=1%2B1] ->

play.PlayExceptions$CompilationException: Compilation error[not found: value Enumeratee]
	at play.PlayReloader$$anon$1$$anonfun$reload$2$$anonfun$apply$14$$anonfun$apply$16.apply(PlayReloader.scala:304) ~[na:na]
	at play.PlayReloader$$anon$1$$anonfun$reload$2$$anonfun$apply$14$$anonfun$apply$16.apply(PlayReloader.scala:304) ~[na:na]
	at scala.Option.map(Option.scala:145) ~[scala-library.jar:na]
	at play.PlayReloader$$anon$1$$anonfun$reload$2$$anonfun$apply$14.apply(PlayReloader.scala:304) ~[na:na]
	at play.PlayReloader$$anon$1$$anonfun$reload$2$$anonfun$apply$14.apply(PlayReloader.scala:298) ~[na:na]
	at scala.Option.map(Option.scala:145) ~[scala-library.jar:na]
	at play.PlayReloader$$anon$1$$anonfun$reload$2.apply(PlayReloader.scala:298) ~[na:na]
	at play.PlayReloader$$anon$1$$anonfun$reload$2.apply(PlayReloader.scala:296) ~[na:na]
	at scala.util.Either$LeftProjection.map(Either.scala:377) ~[scala-library.jar:na]
	at play.PlayReloader$$anon$1.reload(PlayReloader.scala:296) ~[na:na]
	at play.core.ReloadableApplication$$anonfun$get$1.apply(ApplicationProvider.scala:104) ~[play_2.10.jar:2.2.2]
	at play.core.ReloadableApplication$$anonfun$get$1.apply(ApplicationProvider.scala:102) ~[play_2.10.jar:2.2.2]
	at scala.concurrent.impl.Future$PromiseCompletingRunnable.liftedTree1$1(Future.scala:24) ~[scala-library.jar:na]
	at scala.concurrent.impl.Future$PromiseCompletingRunnable.run(Future.scala:24) ~[scala-library.jar:na]
	at scala.concurrent.forkjoin.ForkJoinTask$AdaptedRunnableAction.exec(ForkJoinTask.java:1361) ~[scala-library.jar:na]
	at scala.concurrent.forkjoin.ForkJoinTask.doExec(ForkJoinTask.java:260) ~[scala-library.jar:na]
	at scala.concurrent.forkjoin.ForkJoinPool$WorkQueue.runTask(ForkJoinPool.java:1339) ~[scala-library.jar:na]
	at scala.concurrent.forkjoin.ForkJoinPool.runWorker(ForkJoinPool.java:1979) ~[scala-library.jar:na]
	at scala.concurrent.forkjoin.ForkJoinWorkerThread.run(ForkJoinWorkerThread.java:107) ~[scala-library.jar:na]

2014-03-02 21:54:49,042 - [ERROR] - from application in New I/O worker #3 


! @6hdp62hn8 - Internal server error, for (GET) [/hello?expression=1%2B1] ->

play.PlayExceptions$CompilationException: Compilation error[not found: type AsmProgram]
	at play.PlayReloader$$anon$1$$anonfun$reload$2$$anonfun$apply$14$$anonfun$apply$16.apply(PlayReloader.scala:304) ~[na:na]
	at play.PlayReloader$$anon$1$$anonfun$reload$2$$anonfun$apply$14$$anonfun$apply$16.apply(PlayReloader.scala:304) ~[na:na]
	at scala.Option.map(Option.scala:145) ~[scala-library.jar:na]
	at play.PlayReloader$$anon$1$$anonfun$reload$2$$anonfun$apply$14.apply(PlayReloader.scala:304) ~[na:na]
	at play.PlayReloader$$anon$1$$anonfun$reload$2$$anonfun$apply$14.apply(PlayReloader.scala:298) ~[na:na]
	at scala.Option.map(Option.scala:145) ~[scala-library.jar:na]
	at play.PlayReloader$$anon$1$$anonfun$reload$2.apply(PlayReloader.scala:298) ~[na:na]
	at play.PlayReloader$$anon$1$$anonfun$reload$2.apply(PlayReloader.scala:296) ~[na:na]
	at scala.util.Either$LeftProjection.map(Either.scala:377) ~[scala-library.jar:na]
	at play.PlayReloader$$anon$1.reload(PlayReloader.scala:296) ~[na:na]
	at play.core.ReloadableApplication$$anonfun$get$1.apply(ApplicationProvider.scala:104) ~[play_2.10.jar:2.2.2]
	at play.core.ReloadableApplication$$anonfun$get$1.apply(ApplicationProvider.scala:102) ~[play_2.10.jar:2.2.2]
	at scala.concurrent.impl.Future$PromiseCompletingRunnable.liftedTree1$1(Future.scala:24) ~[scala-library.jar:na]
	at scala.concurrent.impl.Future$PromiseCompletingRunnable.run(Future.scala:24) ~[scala-library.jar:na]
	at scala.concurrent.forkjoin.ForkJoinTask$AdaptedRunnableAction.exec(ForkJoinTask.java:1361) ~[scala-library.jar:na]
	at scala.concurrent.forkjoin.ForkJoinTask.doExec(ForkJoinTask.java:260) ~[scala-library.jar:na]
	at scala.concurrent.forkjoin.ForkJoinPool$WorkQueue.runTask(ForkJoinPool.java:1339) ~[scala-library.jar:na]
	at scala.concurrent.forkjoin.ForkJoinPool.runWorker(ForkJoinPool.java:1979) ~[scala-library.jar:na]
	at scala.concurrent.forkjoin.ForkJoinWorkerThread.run(ForkJoinWorkerThread.java:107) ~[scala-library.jar:na]

2014-03-02 21:55:16,228 - [ERROR] - from application in New I/O worker #3 


! @6hdp6462o - Internal server error, for (GET) [/hello?expression=1%2B1] ->

play.PlayExceptions$CompilationException: Compilation error[value builder is not a member of Array[Byte]]
	at play.PlayReloader$$anon$1$$anonfun$reload$2$$anonfun$apply$14$$anonfun$apply$16.apply(PlayReloader.scala:304) ~[na:na]
	at play.PlayReloader$$anon$1$$anonfun$reload$2$$anonfun$apply$14$$anonfun$apply$16.apply(PlayReloader.scala:304) ~[na:na]
	at scala.Option.map(Option.scala:145) ~[scala-library.jar:na]
	at play.PlayReloader$$anon$1$$anonfun$reload$2$$anonfun$apply$14.apply(PlayReloader.scala:304) ~[na:na]
	at play.PlayReloader$$anon$1$$anonfun$reload$2$$anonfun$apply$14.apply(PlayReloader.scala:298) ~[na:na]
	at scala.Option.map(Option.scala:145) ~[scala-library.jar:na]
	at play.PlayReloader$$anon$1$$anonfun$reload$2.apply(PlayReloader.scala:298) ~[na:na]
	at play.PlayReloader$$anon$1$$anonfun$reload$2.apply(PlayReloader.scala:296) ~[na:na]
	at scala.util.Either$LeftProjection.map(Either.scala:377) ~[scala-library.jar:na]
	at play.PlayReloader$$anon$1.reload(PlayReloader.scala:296) ~[na:na]
	at play.core.ReloadableApplication$$anonfun$get$1.apply(ApplicationProvider.scala:104) ~[play_2.10.jar:2.2.2]
	at play.core.ReloadableApplication$$anonfun$get$1.apply(ApplicationProvider.scala:102) ~[play_2.10.jar:2.2.2]
	at scala.concurrent.impl.Future$PromiseCompletingRunnable.liftedTree1$1(Future.scala:24) ~[scala-library.jar:na]
	at scala.concurrent.impl.Future$PromiseCompletingRunnable.run(Future.scala:24) ~[scala-library.jar:na]
	at scala.concurrent.forkjoin.ForkJoinTask$AdaptedRunnableAction.exec(ForkJoinTask.java:1361) ~[scala-library.jar:na]
	at scala.concurrent.forkjoin.ForkJoinTask.doExec(ForkJoinTask.java:260) ~[scala-library.jar:na]
	at scala.concurrent.forkjoin.ForkJoinPool$WorkQueue.runTask(ForkJoinPool.java:1339) ~[scala-library.jar:na]
	at scala.concurrent.forkjoin.ForkJoinPool.runWorker(ForkJoinPool.java:1979) ~[scala-library.jar:na]
	at scala.concurrent.forkjoin.ForkJoinWorkerThread.run(ForkJoinWorkerThread.java:107) ~[scala-library.jar:na]

2014-03-02 21:55:59,856 - [ERROR] - from application in New I/O worker #3 


! @6hdp66igo - Internal server error, for (GET) [/hello?expression=1%2B1] ->

play.PlayExceptions$CompilationException: Compilation error[value fromCallback is not a member of object play.api.libs.iteratee.Enumerator]
	at play.PlayReloader$$anon$1$$anonfun$reload$2$$anonfun$apply$14$$anonfun$apply$16.apply(PlayReloader.scala:304) ~[na:na]
	at play.PlayReloader$$anon$1$$anonfun$reload$2$$anonfun$apply$14$$anonfun$apply$16.apply(PlayReloader.scala:304) ~[na:na]
	at scala.Option.map(Option.scala:145) ~[scala-library.jar:na]
	at play.PlayReloader$$anon$1$$anonfun$reload$2$$anonfun$apply$14.apply(PlayReloader.scala:304) ~[na:na]
	at play.PlayReloader$$anon$1$$anonfun$reload$2$$anonfun$apply$14.apply(PlayReloader.scala:298) ~[na:na]
	at scala.Option.map(Option.scala:145) ~[scala-library.jar:na]
	at play.PlayReloader$$anon$1$$anonfun$reload$2.apply(PlayReloader.scala:298) ~[na:na]
	at play.PlayReloader$$anon$1$$anonfun$reload$2.apply(PlayReloader.scala:296) ~[na:na]
	at scala.util.Either$LeftProjection.map(Either.scala:377) ~[scala-library.jar:na]
	at play.PlayReloader$$anon$1.reload(PlayReloader.scala:296) ~[na:na]
	at play.core.ReloadableApplication$$anonfun$get$1.apply(ApplicationProvider.scala:104) ~[play_2.10.jar:2.2.2]
	at play.core.ReloadableApplication$$anonfun$get$1.apply(ApplicationProvider.scala:102) ~[play_2.10.jar:2.2.2]
	at scala.concurrent.impl.Future$PromiseCompletingRunnable.liftedTree1$1(Future.scala:24) ~[scala-library.jar:na]
	at scala.concurrent.impl.Future$PromiseCompletingRunnable.run(Future.scala:24) ~[scala-library.jar:na]
	at scala.concurrent.forkjoin.ForkJoinTask$AdaptedRunnableAction.exec(ForkJoinTask.java:1361) ~[scala-library.jar:na]
	at scala.concurrent.forkjoin.ForkJoinTask.doExec(ForkJoinTask.java:260) ~[scala-library.jar:na]
	at scala.concurrent.forkjoin.ForkJoinPool$WorkQueue.runTask(ForkJoinPool.java:1339) ~[scala-library.jar:na]
	at scala.concurrent.forkjoin.ForkJoinPool.runWorker(ForkJoinPool.java:1979) ~[scala-library.jar:na]
	at scala.concurrent.forkjoin.ForkJoinWorkerThread.run(ForkJoinWorkerThread.java:107) ~[scala-library.jar:na]

2014-03-02 22:03:30,158 - [ERROR] - from application in New I/O worker #4 


! @6hdp768k6 - Internal server error, for (GET) [/hello?expression=1%2B1] ->

play.PlayExceptions$CompilationException: Compilation error[value fromCallback is not a member of object play.api.libs.iteratee.Enumerator]
	at play.PlayReloader$$anon$1$$anonfun$reload$2$$anonfun$apply$14$$anonfun$apply$16.apply(PlayReloader.scala:304) ~[na:na]
	at play.PlayReloader$$anon$1$$anonfun$reload$2$$anonfun$apply$14$$anonfun$apply$16.apply(PlayReloader.scala:304) ~[na:na]
	at scala.Option.map(Option.scala:145) ~[scala-library.jar:na]
	at play.PlayReloader$$anon$1$$anonfun$reload$2$$anonfun$apply$14.apply(PlayReloader.scala:304) ~[na:na]
	at play.PlayReloader$$anon$1$$anonfun$reload$2$$anonfun$apply$14.apply(PlayReloader.scala:298) ~[na:na]
	at scala.Option.map(Option.scala:145) ~[scala-library.jar:na]
	at play.PlayReloader$$anon$1$$anonfun$reload$2.apply(PlayReloader.scala:298) ~[na:na]
	at play.PlayReloader$$anon$1$$anonfun$reload$2.apply(PlayReloader.scala:296) ~[na:na]
	at scala.util.Either$LeftProjection.map(Either.scala:377) ~[scala-library.jar:na]
	at play.PlayReloader$$anon$1.reload(PlayReloader.scala:296) ~[na:na]
	at play.core.ReloadableApplication$$anonfun$get$1.apply(ApplicationProvider.scala:104) ~[play_2.10.jar:2.2.2]
	at play.core.ReloadableApplication$$anonfun$get$1.apply(ApplicationProvider.scala:102) ~[play_2.10.jar:2.2.2]
	at scala.concurrent.impl.Future$PromiseCompletingRunnable.liftedTree1$1(Future.scala:24) ~[scala-library.jar:na]
	at scala.concurrent.impl.Future$PromiseCompletingRunnable.run(Future.scala:24) ~[scala-library.jar:na]
	at scala.concurrent.forkjoin.ForkJoinTask$AdaptedRunnableAction.exec(ForkJoinTask.java:1361) ~[scala-library.jar:na]
	at scala.concurrent.forkjoin.ForkJoinTask.doExec(ForkJoinTask.java:260) ~[scala-library.jar:na]
	at scala.concurrent.forkjoin.ForkJoinPool$WorkQueue.runTask(ForkJoinPool.java:1339) ~[scala-library.jar:na]
	at scala.concurrent.forkjoin.ForkJoinPool.runWorker(ForkJoinPool.java:1979) ~[scala-library.jar:na]
	at scala.concurrent.forkjoin.ForkJoinWorkerThread.run(ForkJoinWorkerThread.java:107) ~[scala-library.jar:na]

2014-03-02 22:03:36,841 - [ERROR] - from application in New I/O worker #4 


! @6hdp76ih7 - Internal server error, for (GET) [/hello?expression=1%2B1] ->

play.PlayExceptions$CompilationException: Compilation error[not found: type DataOutputStream]
	at play.PlayReloader$$anon$1$$anonfun$reload$2$$anonfun$apply$14$$anonfun$apply$16.apply(PlayReloader.scala:304) ~[na:na]
	at play.PlayReloader$$anon$1$$anonfun$reload$2$$anonfun$apply$14$$anonfun$apply$16.apply(PlayReloader.scala:304) ~[na:na]
	at scala.Option.map(Option.scala:145) ~[scala-library.jar:na]
	at play.PlayReloader$$anon$1$$anonfun$reload$2$$anonfun$apply$14.apply(PlayReloader.scala:304) ~[na:na]
	at play.PlayReloader$$anon$1$$anonfun$reload$2$$anonfun$apply$14.apply(PlayReloader.scala:298) ~[na:na]
	at scala.Option.map(Option.scala:145) ~[scala-library.jar:na]
	at play.PlayReloader$$anon$1$$anonfun$reload$2.apply(PlayReloader.scala:298) ~[na:na]
	at play.PlayReloader$$anon$1$$anonfun$reload$2.apply(PlayReloader.scala:296) ~[na:na]
	at scala.util.Either$LeftProjection.map(Either.scala:377) ~[scala-library.jar:na]
	at play.PlayReloader$$anon$1.reload(PlayReloader.scala:296) ~[na:na]
	at play.core.ReloadableApplication$$anonfun$get$1.apply(ApplicationProvider.scala:104) ~[play_2.10.jar:2.2.2]
	at play.core.ReloadableApplication$$anonfun$get$1.apply(ApplicationProvider.scala:102) ~[play_2.10.jar:2.2.2]
	at scala.concurrent.impl.Future$PromiseCompletingRunnable.liftedTree1$1(Future.scala:24) ~[scala-library.jar:na]
	at scala.concurrent.impl.Future$PromiseCompletingRunnable.run(Future.scala:24) ~[scala-library.jar:na]
	at scala.concurrent.forkjoin.ForkJoinTask$AdaptedRunnableAction.exec(ForkJoinTask.java:1361) ~[scala-library.jar:na]
	at scala.concurrent.forkjoin.ForkJoinTask.doExec(ForkJoinTask.java:260) ~[scala-library.jar:na]
	at scala.concurrent.forkjoin.ForkJoinPool$WorkQueue.runTask(ForkJoinPool.java:1339) ~[scala-library.jar:na]
	at scala.concurrent.forkjoin.ForkJoinPool.runWorker(ForkJoinPool.java:1979) ~[scala-library.jar:na]
	at scala.concurrent.forkjoin.ForkJoinWorkerThread.run(ForkJoinWorkerThread.java:107) ~[scala-library.jar:na]

2014-03-02 22:04:04,206 - [ERROR] - from application in New I/O worker #4 


! @6hdp7873k - Internal server error, for (GET) [/hello?expression=1%2B1] ->

play.PlayExceptions$CompilationException: Compilation error[object DataOutputtStream is not a member of package java.io]
	at play.PlayReloader$$anon$1$$anonfun$reload$2$$anonfun$apply$14$$anonfun$apply$16.apply(PlayReloader.scala:304) ~[na:na]
	at play.PlayReloader$$anon$1$$anonfun$reload$2$$anonfun$apply$14$$anonfun$apply$16.apply(PlayReloader.scala:304) ~[na:na]
	at scala.Option.map(Option.scala:145) ~[scala-library.jar:na]
	at play.PlayReloader$$anon$1$$anonfun$reload$2$$anonfun$apply$14.apply(PlayReloader.scala:304) ~[na:na]
	at play.PlayReloader$$anon$1$$anonfun$reload$2$$anonfun$apply$14.apply(PlayReloader.scala:298) ~[na:na]
	at scala.Option.map(Option.scala:145) ~[scala-library.jar:na]
	at play.PlayReloader$$anon$1$$anonfun$reload$2.apply(PlayReloader.scala:298) ~[na:na]
	at play.PlayReloader$$anon$1$$anonfun$reload$2.apply(PlayReloader.scala:296) ~[na:na]
	at scala.util.Either$LeftProjection.map(Either.scala:377) ~[scala-library.jar:na]
	at play.PlayReloader$$anon$1.reload(PlayReloader.scala:296) ~[na:na]
	at play.core.ReloadableApplication$$anonfun$get$1.apply(ApplicationProvider.scala:104) ~[play_2.10.jar:2.2.2]
	at play.core.ReloadableApplication$$anonfun$get$1.apply(ApplicationProvider.scala:102) ~[play_2.10.jar:2.2.2]
	at scala.concurrent.impl.Future$PromiseCompletingRunnable.liftedTree1$1(Future.scala:24) ~[scala-library.jar:na]
	at scala.concurrent.impl.Future$PromiseCompletingRunnable.run(Future.scala:24) ~[scala-library.jar:na]
	at scala.concurrent.forkjoin.ForkJoinTask$AdaptedRunnableAction.exec(ForkJoinTask.java:1361) ~[scala-library.jar:na]
	at scala.concurrent.forkjoin.ForkJoinTask.doExec(ForkJoinTask.java:260) ~[scala-library.jar:na]
	at scala.concurrent.forkjoin.ForkJoinPool$WorkQueue.runTask(ForkJoinPool.java:1339) ~[scala-library.jar:na]
	at scala.concurrent.forkjoin.ForkJoinPool.runWorker(ForkJoinPool.java:1979) ~[scala-library.jar:na]
	at scala.concurrent.forkjoin.ForkJoinWorkerThread.run(ForkJoinWorkerThread.java:107) ~[scala-library.jar:na]

2014-03-02 22:04:23,890 - [ERROR] - from application in New I/O worker #4 


! @6hdp79a6m - Internal server error, for (GET) [/hello?expression=1%2B1] ->

play.PlayExceptions$CompilationException: Compilation error[not found: type FileOutputStream]
	at play.PlayReloader$$anon$1$$anonfun$reload$2$$anonfun$apply$14$$anonfun$apply$16.apply(PlayReloader.scala:304) ~[na:na]
	at play.PlayReloader$$anon$1$$anonfun$reload$2$$anonfun$apply$14$$anonfun$apply$16.apply(PlayReloader.scala:304) ~[na:na]
	at scala.Option.map(Option.scala:145) ~[scala-library.jar:na]
	at play.PlayReloader$$anon$1$$anonfun$reload$2$$anonfun$apply$14.apply(PlayReloader.scala:304) ~[na:na]
	at play.PlayReloader$$anon$1$$anonfun$reload$2$$anonfun$apply$14.apply(PlayReloader.scala:298) ~[na:na]
	at scala.Option.map(Option.scala:145) ~[scala-library.jar:na]
	at play.PlayReloader$$anon$1$$anonfun$reload$2.apply(PlayReloader.scala:298) ~[na:na]
	at play.PlayReloader$$anon$1$$anonfun$reload$2.apply(PlayReloader.scala:296) ~[na:na]
	at scala.util.Either$LeftProjection.map(Either.scala:377) ~[scala-library.jar:na]
	at play.PlayReloader$$anon$1.reload(PlayReloader.scala:296) ~[na:na]
	at play.core.ReloadableApplication$$anonfun$get$1.apply(ApplicationProvider.scala:104) ~[play_2.10.jar:2.2.2]
	at play.core.ReloadableApplication$$anonfun$get$1.apply(ApplicationProvider.scala:102) ~[play_2.10.jar:2.2.2]
	at scala.concurrent.impl.Future$PromiseCompletingRunnable.liftedTree1$1(Future.scala:24) ~[scala-library.jar:na]
	at scala.concurrent.impl.Future$PromiseCompletingRunnable.run(Future.scala:24) ~[scala-library.jar:na]
	at scala.concurrent.forkjoin.ForkJoinTask$AdaptedRunnableAction.exec(ForkJoinTask.java:1361) ~[scala-library.jar:na]
	at scala.concurrent.forkjoin.ForkJoinTask.doExec(ForkJoinTask.java:260) ~[scala-library.jar:na]
	at scala.concurrent.forkjoin.ForkJoinPool$WorkQueue.runTask(ForkJoinPool.java:1339) ~[scala-library.jar:na]
	at scala.concurrent.forkjoin.ForkJoinPool.runWorker(ForkJoinPool.java:1979) ~[scala-library.jar:na]
	at scala.concurrent.forkjoin.ForkJoinWorkerThread.run(ForkJoinWorkerThread.java:107) ~[scala-library.jar:na]

2014-03-02 22:04:33,354 - [ERROR] - from application in New I/O worker #4 


! @6hdp79o6m - Internal server error, for (GET) [/hello?expression=1%2B1] ->

play.PlayExceptions$CompilationException: Compilation error[not found: value file]
	at play.PlayReloader$$anon$1$$anonfun$reload$2$$anonfun$apply$14$$anonfun$apply$16.apply(PlayReloader.scala:304) ~[na:na]
	at play.PlayReloader$$anon$1$$anonfun$reload$2$$anonfun$apply$14$$anonfun$apply$16.apply(PlayReloader.scala:304) ~[na:na]
	at scala.Option.map(Option.scala:145) ~[scala-library.jar:na]
	at play.PlayReloader$$anon$1$$anonfun$reload$2$$anonfun$apply$14.apply(PlayReloader.scala:304) ~[na:na]
	at play.PlayReloader$$anon$1$$anonfun$reload$2$$anonfun$apply$14.apply(PlayReloader.scala:298) ~[na:na]
	at scala.Option.map(Option.scala:145) ~[scala-library.jar:na]
	at play.PlayReloader$$anon$1$$anonfun$reload$2.apply(PlayReloader.scala:298) ~[na:na]
	at play.PlayReloader$$anon$1$$anonfun$reload$2.apply(PlayReloader.scala:296) ~[na:na]
	at scala.util.Either$LeftProjection.map(Either.scala:377) ~[scala-library.jar:na]
	at play.PlayReloader$$anon$1.reload(PlayReloader.scala:296) ~[na:na]
	at play.core.ReloadableApplication$$anonfun$get$1.apply(ApplicationProvider.scala:104) ~[play_2.10.jar:2.2.2]
	at play.core.ReloadableApplication$$anonfun$get$1.apply(ApplicationProvider.scala:102) ~[play_2.10.jar:2.2.2]
	at scala.concurrent.impl.Future$PromiseCompletingRunnable.liftedTree1$1(Future.scala:24) ~[scala-library.jar:na]
	at scala.concurrent.impl.Future$PromiseCompletingRunnable.run(Future.scala:24) ~[scala-library.jar:na]
	at scala.concurrent.forkjoin.ForkJoinTask$AdaptedRunnableAction.exec(ForkJoinTask.java:1361) ~[scala-library.jar:na]
	at scala.concurrent.forkjoin.ForkJoinTask.doExec(ForkJoinTask.java:260) ~[scala-library.jar:na]
	at scala.concurrent.forkjoin.ForkJoinPool$WorkQueue.runTask(ForkJoinPool.java:1339) ~[scala-library.jar:na]
	at scala.concurrent.forkjoin.ForkJoinPool.runWorker(ForkJoinPool.java:1979) ~[scala-library.jar:na]
	at scala.concurrent.forkjoin.ForkJoinWorkerThread.run(ForkJoinWorkerThread.java:107) ~[scala-library.jar:na]

2014-03-02 22:04:57,782 - [ERROR] - from application in New I/O worker #4 


! @6hdp7b8aa - Internal server error, for (GET) [/hello?expression=1%2B1] ->

play.PlayExceptions$CompilationException: Compilation error[not found: type File]
	at play.PlayReloader$$anon$1$$anonfun$reload$2$$anonfun$apply$14$$anonfun$apply$16.apply(PlayReloader.scala:304) ~[na:na]
	at play.PlayReloader$$anon$1$$anonfun$reload$2$$anonfun$apply$14$$anonfun$apply$16.apply(PlayReloader.scala:304) ~[na:na]
	at scala.Option.map(Option.scala:145) ~[scala-library.jar:na]
	at play.PlayReloader$$anon$1$$anonfun$reload$2$$anonfun$apply$14.apply(PlayReloader.scala:304) ~[na:na]
	at play.PlayReloader$$anon$1$$anonfun$reload$2$$anonfun$apply$14.apply(PlayReloader.scala:298) ~[na:na]
	at scala.Option.map(Option.scala:145) ~[scala-library.jar:na]
	at play.PlayReloader$$anon$1$$anonfun$reload$2.apply(PlayReloader.scala:298) ~[na:na]
	at play.PlayReloader$$anon$1$$anonfun$reload$2.apply(PlayReloader.scala:296) ~[na:na]
	at scala.util.Either$LeftProjection.map(Either.scala:377) ~[scala-library.jar:na]
	at play.PlayReloader$$anon$1.reload(PlayReloader.scala:296) ~[na:na]
	at play.core.ReloadableApplication$$anonfun$get$1.apply(ApplicationProvider.scala:104) ~[play_2.10.jar:2.2.2]
	at play.core.ReloadableApplication$$anonfun$get$1.apply(ApplicationProvider.scala:102) ~[play_2.10.jar:2.2.2]
	at scala.concurrent.impl.Future$PromiseCompletingRunnable.liftedTree1$1(Future.scala:24) ~[scala-library.jar:na]
	at scala.concurrent.impl.Future$PromiseCompletingRunnable.run(Future.scala:24) ~[scala-library.jar:na]
	at scala.concurrent.forkjoin.ForkJoinTask$AdaptedRunnableAction.exec(ForkJoinTask.java:1361) ~[scala-library.jar:na]
	at scala.concurrent.forkjoin.ForkJoinTask.doExec(ForkJoinTask.java:260) ~[scala-library.jar:na]
	at scala.concurrent.forkjoin.ForkJoinPool$WorkQueue.runTask(ForkJoinPool.java:1339) ~[scala-library.jar:na]
	at scala.concurrent.forkjoin.ForkJoinPool.runWorker(ForkJoinPool.java:1979) ~[scala-library.jar:na]
	at scala.concurrent.forkjoin.ForkJoinWorkerThread.run(ForkJoinWorkerThread.java:107) ~[scala-library.jar:na]

2014-03-02 22:05:12,460 - [ERROR] - from application in New I/O worker #4 


! @6hdp7c42o - Internal server error, for (GET) [/hello?expression=1%2B1] ->

play.PlayExceptions$CompilationException: Compilation error[Cannot find an implicit ExecutionContext, either require one yourself or import ExecutionContext.Implicits.global]
	at play.PlayReloader$$anon$1$$anonfun$reload$2$$anonfun$apply$14$$anonfun$apply$16.apply(PlayReloader.scala:304) ~[na:na]
	at play.PlayReloader$$anon$1$$anonfun$reload$2$$anonfun$apply$14$$anonfun$apply$16.apply(PlayReloader.scala:304) ~[na:na]
	at scala.Option.map(Option.scala:145) ~[scala-library.jar:na]
	at play.PlayReloader$$anon$1$$anonfun$reload$2$$anonfun$apply$14.apply(PlayReloader.scala:304) ~[na:na]
	at play.PlayReloader$$anon$1$$anonfun$reload$2$$anonfun$apply$14.apply(PlayReloader.scala:298) ~[na:na]
	at scala.Option.map(Option.scala:145) ~[scala-library.jar:na]
	at play.PlayReloader$$anon$1$$anonfun$reload$2.apply(PlayReloader.scala:298) ~[na:na]
	at play.PlayReloader$$anon$1$$anonfun$reload$2.apply(PlayReloader.scala:296) ~[na:na]
	at scala.util.Either$LeftProjection.map(Either.scala:377) ~[scala-library.jar:na]
	at play.PlayReloader$$anon$1.reload(PlayReloader.scala:296) ~[na:na]
	at play.core.ReloadableApplication$$anonfun$get$1.apply(ApplicationProvider.scala:104) ~[play_2.10.jar:2.2.2]
	at play.core.ReloadableApplication$$anonfun$get$1.apply(ApplicationProvider.scala:102) ~[play_2.10.jar:2.2.2]
	at scala.concurrent.impl.Future$PromiseCompletingRunnable.liftedTree1$1(Future.scala:24) ~[scala-library.jar:na]
	at scala.concurrent.impl.Future$PromiseCompletingRunnable.run(Future.scala:24) ~[scala-library.jar:na]
	at scala.concurrent.forkjoin.ForkJoinTask$AdaptedRunnableAction.exec(ForkJoinTask.java:1361) ~[scala-library.jar:na]
	at scala.concurrent.forkjoin.ForkJoinTask.doExec(ForkJoinTask.java:260) ~[scala-library.jar:na]
	at scala.concurrent.forkjoin.ForkJoinPool$WorkQueue.runTask(ForkJoinPool.java:1339) ~[scala-library.jar:na]
	at scala.concurrent.forkjoin.ForkJoinPool.runWorker(ForkJoinPool.java:1979) ~[scala-library.jar:na]
	at scala.concurrent.forkjoin.ForkJoinWorkerThread.run(ForkJoinWorkerThread.java:107) ~[scala-library.jar:na]

2014-03-02 22:05:47,847 - [INFO] - from play in play-internal-execution-context-2 
Application started (Dev)

2014-03-02 22:08:06,168 - [INFO] - from play in play-internal-execution-context-2 
Application started (Dev)

2014-03-02 22:12:54,455 - [ERROR] - from application in New I/O worker #1 


! @6hdp8cbdp - Internal server error, for (GET) [/] ->

play.PlayExceptions$CompilationException: Compilation error[object x86Parser is not a member of package com.scalaAsm]
	at play.PlayReloader$$anon$1$$anonfun$reload$2$$anonfun$apply$14$$anonfun$apply$16.apply(PlayReloader.scala:304) ~[na:na]
	at play.PlayReloader$$anon$1$$anonfun$reload$2$$anonfun$apply$14$$anonfun$apply$16.apply(PlayReloader.scala:304) ~[na:na]
	at scala.Option.map(Option.scala:145) ~[scala-library.jar:na]
	at play.PlayReloader$$anon$1$$anonfun$reload$2$$anonfun$apply$14.apply(PlayReloader.scala:304) ~[na:na]
	at play.PlayReloader$$anon$1$$anonfun$reload$2$$anonfun$apply$14.apply(PlayReloader.scala:298) ~[na:na]
	at scala.Option.map(Option.scala:145) ~[scala-library.jar:na]
	at play.PlayReloader$$anon$1$$anonfun$reload$2.apply(PlayReloader.scala:298) ~[na:na]
	at play.PlayReloader$$anon$1$$anonfun$reload$2.apply(PlayReloader.scala:296) ~[na:na]
	at scala.util.Either$LeftProjection.map(Either.scala:377) ~[scala-library.jar:na]
	at play.PlayReloader$$anon$1.reload(PlayReloader.scala:296) ~[na:na]
	at play.core.ReloadableApplication$$anonfun$get$1.apply(ApplicationProvider.scala:104) ~[play_2.10.jar:2.2.2]
	at play.core.ReloadableApplication$$anonfun$get$1.apply(ApplicationProvider.scala:102) ~[play_2.10.jar:2.2.2]
	at scala.concurrent.impl.Future$PromiseCompletingRunnable.liftedTree1$1(Future.scala:24) ~[scala-library.jar:na]
	at scala.concurrent.impl.Future$PromiseCompletingRunnable.run(Future.scala:24) ~[scala-library.jar:na]
	at scala.concurrent.forkjoin.ForkJoinTask$AdaptedRunnableAction.exec(ForkJoinTask.java:1361) ~[scala-library.jar:na]
	at scala.concurrent.forkjoin.ForkJoinTask.doExec(ForkJoinTask.java:260) ~[scala-library.jar:na]
	at scala.concurrent.forkjoin.ForkJoinPool$WorkQueue.runTask(ForkJoinPool.java:1339) ~[scala-library.jar:na]
	at scala.concurrent.forkjoin.ForkJoinPool.runWorker(ForkJoinPool.java:1979) ~[scala-library.jar:na]
	at scala.concurrent.forkjoin.ForkJoinWorkerThread.run(ForkJoinWorkerThread.java:107) ~[scala-library.jar:na]

2014-03-02 22:13:51,195 - [INFO] - from play in play-internal-execution-context-4 
Application started (Dev)

2014-03-02 22:19:48,483 - [INFO] - from play in play-internal-execution-context-4 
Application started (Dev)

